<?xml version="1.0" encoding="UTF-8"?>
<!-- Generated by org.testng.reporters.JUnitReportReporter -->
<testsuite hostname="LAPTOP-BIM2FR3V" failures="0" tests="2" name="testSce.MouseHover" time="15.614" errors="0" timestamp="2025-08-20T04:47:17 IST" skipped="0">
  <testcase classname="testSce.MouseHover" name="dragAndDrop" time="9.006"/>
  <testcase classname="testSce.MouseHover" name="DatePicker" time="6.608"/>
</testsuite> <!-- testSce.MouseHover -->
