<?xml version="1.0" encoding="UTF-8"?>
<!-- Generated by org.testng.reporters.JUnitReportReporter -->
<testsuite hostname="LAPTOP-BIM2FR3V" failures="0" tests="1" name="testSce.SwitchingWin" time="7.381" errors="0" timestamp="2025-08-20T04:47:17 IST" skipped="0">
  <testcase classname="testSce.SwitchingWin" name="switchWin" time="7.381"/>
</testsuite> <!-- testSce.SwitchingWin -->
