<?xml version="1.0" encoding="UTF-8"?>
<!-- Generated by org.testng.reporters.JUnitReportReporter -->
<testsuite hostname="LAPTOP-BIM2FR3V" failures="0" tests="2" name="testSce.MouseHover" time="22.139" errors="0" timestamp="2025-08-22T05:12:28 IST" skipped="0">
  <testcase classname="testSce.MouseHover" name="dragAndDrop" time="9.818"/>
  <testcase classname="testSce.MouseHover" name="DatePicker" time="12.321"/>
</testsuite> <!-- testSce.MouseHover -->
