<?xml version="1.0" encoding="UTF-8"?>
<!-- Generated by org.testng.reporters.JUnitReportReporter -->
<testsuite hostname="LAPTOP-BIM2FR3V" failures="0" tests="1" name="testSce.LetsCodeIt" time="17.458" errors="0" timestamp="2025-08-22T05:12:29 IST" skipped="0">
  <testcase classname="testSce.LetsCodeIt" name="radAndCheckBox" time="17.458"/>
</testsuite> <!-- testSce.LetsCodeIt -->
