<?xml version="1.0" encoding="UTF-8"?>
<!-- Generated by org.testng.reporters.JUnitReportReporter -->
<testsuite hostname="LAPTOP-BIM2FR3V" failures="0" tests="1" name="testSce.DynDataHand" time="22.902" errors="0" timestamp="2025-08-22T05:12:29 IST" skipped="0">
  <testcase classname="testSce.DynDataHand" name="readDynData" time="22.902"/>
</testsuite> <!-- testSce.DynDataHand -->
